<?xml version="1.0" encoding="UTF-8"?>
<!-- Generated by org.testng.reporters.JUnitReportReporter -->
<testsuite hostname="DESKTOP-LHVDPIO" failures="0" tests="1" name="TestNGYouTube.MazaAnandTestNG1" time="38.406" errors="0" timestamp="2023-02-14T12:12:35 PST" skipped="0">
  <testcase classname="TestNGYouTube.MazaAnandTestNG1" name="test" time="38.406"/>
  <system-out/>
</testsuite> <!-- TestNGYouTube.MazaAnandTestNG1 -->
